0 info it worked if it ends with ok
1 verbose cli [ '/Users/jima/.nodebrew/node/v4.2.2/bin/node',
1 verbose cli   '/Users/jima/work2/chat/client/node_modules/.bin/npm',
1 verbose cli   'run',
1 verbose cli   'start-mongodb' ]
2 info using npm@3.4.0
3 info using node@v4.2.2
4 verbose run-script [ 'prestart-mongodb', 'start-mongodb', 'poststart-mongodb' ]
5 info lifecycle react-transform-boilerplate@1.0.0~prestart-mongodb: react-transform-boilerplate@1.0.0
6 silly lifecycle react-transform-boilerplate@1.0.0~prestart-mongodb: no script for prestart-mongodb, continuing
7 info lifecycle react-transform-boilerplate@1.0.0~start-mongodb: react-transform-boilerplate@1.0.0
8 verbose lifecycle react-transform-boilerplate@1.0.0~start-mongodb: unsafe-perm in lifecycle true
9 verbose lifecycle react-transform-boilerplate@1.0.0~start-mongodb: PATH: /Users/jima/work2/chat/client/node_modules/npm/bin/node-gyp-bin:/Users/jima/work2/chat/client/node_modules/.bin:/Users/jima/.nodebrew/node/v4.2.2/lib/node_modules/npm/bin/node-gyp-bin:/Users/jima/work2/chat/client/node_modules/.bin:/Users/jima/go/third-party/bin:/Users/jima/go/my-project/bin:/Users/jima/gort_0.3.0_darwin_amd64:/Users/jima/.nodebrew/current/bin:/Users/jima/mutually_file_exchage:/Users/jima/droplets/utility_tool:/Users/jima/work/digital_ocean/src_github/mutually_file_exchage:/Users/jima/.composer/vendor/bin:/usr/local/opt/gnu-sed/libexec/gnubin:/Users/jima/work/droplets/utility_tool:/Users/jima/.rbenv/shims:/Users/jima/.nodebrew/current/bin:/usr/local/mysql/bin:/usr/local/heroku/bin:./vendor/bin:/Users/jima/.rbenv/bin:~/local/bin/icdiff:/Users/jima/myshell1:/Users/jima/myshell:/Users/jima/packer:/usr/local/bin:/usr/local/share/python:/usr/local/bin:/usr/bin:/bin:/usr/sbin:/sbin:/usr/local/sbin
10 verbose lifecycle react-transform-boilerplate@1.0.0~start-mongodb: CWD: /Users/jima/work2/chat/client
11 silly lifecycle react-transform-boilerplate@1.0.0~start-mongodb: Args: [ '-c',
11 silly lifecycle   'rm log/* && node ./node_modules/better-npm-run start-mongodb' ]
12 silly lifecycle react-transform-boilerplate@1.0.0~start-mongodb: Returned: code: 1  signal: null
13 info lifecycle react-transform-boilerplate@1.0.0~start-mongodb: Failed to exec start-mongodb script
14 verbose stack Error: react-transform-boilerplate@1.0.0 start-mongodb: `rm log/* && node ./node_modules/better-npm-run start-mongodb`
14 verbose stack Exit status 1
14 verbose stack     at EventEmitter.<anonymous> (/Users/jima/work2/chat/client/node_modules/npm/lib/utils/lifecycle.js:232:16)
14 verbose stack     at emitTwo (events.js:87:13)
14 verbose stack     at EventEmitter.emit (events.js:172:7)
14 verbose stack     at ChildProcess.<anonymous> (/Users/jima/work2/chat/client/node_modules/npm/lib/utils/spawn.js:24:14)
14 verbose stack     at emitTwo (events.js:87:13)
14 verbose stack     at ChildProcess.emit (events.js:172:7)
14 verbose stack     at maybeClose (internal/child_process.js:818:16)
14 verbose stack     at Process.ChildProcess._handle.onexit (internal/child_process.js:211:5)
15 verbose pkgid react-transform-boilerplate@1.0.0
16 verbose cwd /Users/jima/work2/chat/client
17 error Darwin 14.5.0
18 error argv "/Users/jima/.nodebrew/node/v4.2.2/bin/node" "/Users/jima/work2/chat/client/node_modules/.bin/npm" "run" "start-mongodb"
19 error node v4.2.2
20 error npm  v3.4.0
21 error code ELIFECYCLE
22 error react-transform-boilerplate@1.0.0 start-mongodb: `rm log/* && node ./node_modules/better-npm-run start-mongodb`
22 error Exit status 1
23 error Failed at the react-transform-boilerplate@1.0.0 start-mongodb script 'rm log/* && node ./node_modules/better-npm-run start-mongodb'.
23 error Make sure you have the latest version of node.js and npm installed.
23 error If you do, this is most likely a problem with the react-transform-boilerplate package,
23 error not with npm itself.
23 error Tell the author that this fails on your system:
23 error     rm log/* && node ./node_modules/better-npm-run start-mongodb
23 error You can get their info via:
23 error     npm owner ls react-transform-boilerplate
23 error There is likely additional logging output above.
24 verbose exit [ 1, true ]
